<?xml version="1.0" encoding="UTF-8"?>
<testng-results ignored="1" total="2" passed="1" failed="0" skipped="0">
  <reporter-output>
  </reporter-output>
  <suite started-at="2022-06-09T18:07:04 EDT" name="Default suite" finished-at="2022-06-09T18:07:04 EDT" duration-ms="53">
    <groups>
    </groups>
    <test started-at="2022-06-09T18:07:04 EDT" name="Default test" finished-at="2022-06-09T18:07:04 EDT" duration-ms="53">
      <class name="practice.test">
        <test-method signature="streamFilter()[pri:0, instance:practice.test@441772e]" started-at="2022-06-09T18:07:04 EDT" name="streamFilter" finished-at="2022-06-09T18:07:04 EDT" duration-ms="10" status="PASS">
          <reporter-output>
          </reporter-output>
        </test-method> <!-- streamFilter -->
      </class> <!-- practice.test -->
    </test> <!-- Default test -->
  </suite> <!-- Default suite -->
</testng-results>
